<?xml version="1.0" encoding="UTF-8"?>
<testng-results skipped="0" failed="1" total="1" passed="0">
  <reporter-output>
    <line>
      <![CDATA[Home page is not displayed]]>
    </line>
    <line>
      <![CDATA[Testcase validLogin is fail]]>
    </line>
  </reporter-output>
  <suite name="Default suite" duration-ms="37140" started-at="2021-04-24T05:12:52Z" finished-at="2021-04-24T05:13:29Z">
    <groups>
    </groups>
    <test name="Default test" duration-ms="37140" started-at="2021-04-24T05:12:52Z" finished-at="2021-04-24T05:13:29Z">
      <class name="Org.testPom.ActimeLogin">
        <test-method status="PASS" signature="openBrowser()[pri:0, instance:Org.testPom.ActimeLogin@3ab39c39]" name="openBrowser" is-config="true" duration-ms="23617" started-at="2021-04-23T22:12:52Z" finished-at="2021-04-23T22:13:15Z">
          <reporter-output>
          </reporter-output>
        </test-method> <!-- openBrowser -->
        <test-method status="FAIL" signature="validLogin()[pri:0, instance:Org.testPom.ActimeLogin@3ab39c39]" name="validLogin" duration-ms="11494" started-at="2021-04-23T22:13:15Z" finished-at="2021-04-23T22:13:27Z">
          <exception class="java.lang.AssertionError">
            <full-stacktrace>
              <![CDATA[java.lang.AssertionError
	at org.junit.Assert.fail(Assert.java:86)
	at org.junit.Assert.fail(Assert.java:95)
	at Org.Pom.EnterTimeTracker.isHomePageDisplyed(EnterTimeTracker.java:24)
	at Org.testPom.ActimeLogin.validLogin(ActimeLogin.java:23)
	at sun.reflect.NativeMethodAccessorImpl.invoke0(Native Method)
	at sun.reflect.NativeMethodAccessorImpl.invoke(NativeMethodAccessorImpl.java:62)
	at sun.reflect.DelegatingMethodAccessorImpl.invoke(DelegatingMethodAccessorImpl.java:43)
	at java.lang.reflect.Method.invoke(Method.java:498)
	at org.testng.internal.MethodInvocationHelper.invokeMethod(MethodInvocationHelper.java:86)
	at org.testng.internal.Invoker.invokeMethod(Invoker.java:645)
	at org.testng.internal.Invoker.invokeTestMethod(Invoker.java:822)
	at org.testng.internal.Invoker.invokeTestMethods(Invoker.java:1130)
	at org.testng.internal.TestMethodWorker.invokeTestMethods(TestMethodWorker.java:129)
	at org.testng.internal.TestMethodWorker.run(TestMethodWorker.java:112)
	at org.testng.TestRunner.privateRun(TestRunner.java:782)
	at org.testng.TestRunner.run(TestRunner.java:632)
	at org.testng.SuiteRunner.runTest(SuiteRunner.java:366)
	at org.testng.SuiteRunner.runSequentially(SuiteRunner.java:361)
	at org.testng.SuiteRunner.privateRun(SuiteRunner.java:319)
	at org.testng.SuiteRunner.run(SuiteRunner.java:268)
	at org.testng.SuiteRunnerWorker.runSuite(SuiteRunnerWorker.java:52)
	at org.testng.SuiteRunnerWorker.run(SuiteRunnerWorker.java:86)
	at org.testng.TestNG.runSuitesSequentially(TestNG.java:1244)
	at org.testng.TestNG.runSuitesLocally(TestNG.java:1169)
	at org.testng.TestNG.run(TestNG.java:1064)
	at org.testng.remote.RemoteTestNG.run(RemoteTestNG.java:113)
	at org.testng.remote.RemoteTestNG.initAndRun(RemoteTestNG.java:206)
	at org.testng.remote.RemoteTestNG.main(RemoteTestNG.java:177)
]]>
            </full-stacktrace>
          </exception> <!-- java.lang.AssertionError -->
          <reporter-output>
            <line>
              <![CDATA[Home page is not displayed]]>
            </line>
          </reporter-output>
        </test-method> <!-- validLogin -->
        <test-method status="PASS" signature="closeBrowser(org.testng.ITestResult)[pri:0, instance:Org.testPom.ActimeLogin@3ab39c39]" name="closeBrowser" is-config="true" duration-ms="2007" started-at="2021-04-23T22:13:27Z" finished-at="2021-04-23T22:13:29Z">
          <params>
            <param index="0">
              <value>
                <![CDATA[[TestResult name=validLogin status=FAILURE method=ActimeLogin.validLogin()[pri:0, instance:Org.testPom.ActimeLogin@3ab39c39] output=Home page is not displayed]]]>
              </value>
            </param>
          </params>
          <reporter-output>
            <line>
              <![CDATA[Testcase validLogin is fail]]>
            </line>
          </reporter-output>
        </test-method> <!-- closeBrowser -->
      </class> <!-- Org.testPom.ActimeLogin -->
    </test> <!-- Default test -->
  </suite> <!-- Default suite -->
</testng-results>
